============================================================
[12:28:06] 검수 시작
[12:28:06] 총 주문 : 7
[12:28:06] 입금완료 : 2
[12:28:06] 미입금 : 3
[12:28:06] 주문서없음 : 2
[12:28:06] 검수결과 : output/0707_검수결과.xlsx
[12:28:06] 로젠 : output/0707_로젠택배.xlsx
[12:28:06] 검수 완료
============================================================
============================================================
[12:45:00] 검수 시작
[12:45:00] 총 주문 : 7
[12:45:00] 입금완료 : 2
[12:45:00] 미입금 : 3
[12:45:00] 주문서없음 : 2
[12:45:00] 검수결과 : output/0707_검수결과.xlsx
[12:45:00] 로젠 : output/0707_로젠택배.xlsx
[12:45:00] 검수 완료
============================================================
