============================================================
[12:28:06] 검수 시작
[12:28:06] 총 주문 : 7
[12:28:06] 입금완료 : 2
[12:28:06] 미입금 : 3
[12:28:06] 주문서없음 : 2
[12:28:06] 검수결과 : output/0707_검수결과.xlsx
[12:28:06] 로젠 : output/0707_로젠택배.xlsx
[12:28:06] 검수 완료
============================================================
============================================================
[12:45:00] 검수 시작
[12:45:00] 총 주문 : 7
[12:45:00] 입금완료 : 2
[12:45:00] 미입금 : 3
[12:45:00] 주문서없음 : 2
[12:45:00] 검수결과 : output/0707_검수결과.xlsx
[12:45:00] 로젠 : output/0707_로젠택배.xlsx
[12:45:00] 검수 완료
============================================================
============================================================
[13:21:18] 검수 시작
[13:21:18] 총 주문 : 7
[13:21:18] 입금완료 : 2
[13:21:18] 미입금 : 3
[13:21:18] 주문서없음 : 2
[13:21:18] 검수결과 : output/0707_검수결과.xlsx
[13:21:18] 로젠 : output/0707_로젠택배.xlsx
[13:21:18] 검수 완료
============================================================
============================================================
[13:24:10] 검수 시작
[13:24:11] 총 주문 : 7
[13:24:11] 입금완료 : 2
[13:24:11] 미입금 : 3
[13:24:11] 주문서없음 : 2
[13:24:11] 검수결과 : output/0707_검수결과.xlsx
[13:24:11] 로젠 : output/0707_로젠택배.xlsx
[13:24:11] 검수 완료
============================================================
============================================================
[13:28:06] 검수 시작
[13:28:07] 총 주문 : 7
[13:28:07] 입금완료 : 2
[13:28:07] 미입금 : 3
[13:28:07] 주문서없음 : 2
[13:28:07] 검수결과 : output/0707_검수결과.xlsx
[13:28:07] 로젠 : output/0707_로젠택배.xlsx
[13:28:07] 검수 완료
============================================================
============================================================
[13:30:25] 검수 시작
[13:30:26] 총 주문 : 7
[13:30:26] 입금완료 : 2
[13:30:26] 미입금 : 3
[13:30:26] 주문서없음 : 2
[13:30:26] 검수결과 : output/0707_검수결과.xlsx
[13:30:26] 로젠 : output/0707_로젠택배.xlsx
[13:30:26] 검수 완료
============================================================
============================================================
[13:49:28] 검수 시작
[13:49:28] 총 주문 : 9
[13:49:28] 입금완료 : 0
[13:49:28] 미입금 : 5
[13:49:28] 주문서없음 : 4
[13:49:28] 검수결과 : output/0707_검수결과.xlsx
[13:49:28] 로젠 : output/0707_로젠택배.xlsx
[13:49:28] 검수 완료
============================================================
============================================================
[13:51:12] 검수 시작
[13:51:13] 총 주문 : 7
[13:51:13] 입금완료 : 2
[13:51:13] 미입금 : 3
[13:51:13] 주문서없음 : 2
[13:51:13] 검수결과 : output/0707_검수결과.xlsx
[13:51:13] 로젠 : output/0707_로젠택배.xlsx
[13:51:13] 검수 완료
============================================================
============================================================
[13:52:47] 검수 시작
[13:52:48] 총 주문 : 7
[13:52:48] 입금완료 : 2
[13:52:48] 미입금 : 3
[13:52:48] 주문서없음 : 2
[13:52:48] 검수결과 : output/0707_검수결과.xlsx
[13:52:48] 로젠 : output/0707_로젠택배.xlsx
[13:52:48] 검수 완료
============================================================
============================================================
[13:56:09] 검수 시작
[13:56:09] 총 주문 : 7
[13:56:09] 입금완료 : 2
[13:56:09] 미입금 : 3
[13:56:09] 주문서없음 : 2
[13:56:09] 검수결과 : output/0707_검수결과.xlsx
[13:56:09] 로젠 : output/0707_로젠택배.xlsx
[13:56:09] 검수 완료
============================================================
============================================================
[14:09:48] 검수 시작
============================================================
[14:10:13] 검수 시작
============================================================
[14:18:54] 검수 시작
============================================================
[14:22:42] 검수 시작
============================================================
[14:34:03] 검수 시작
[14:34:03] 총 주문 : 7
[14:34:03] 입금완료 : 2
[14:34:03] 미입금 : 3
[14:34:03] 주문서없음 : 2
[14:34:03] 검수결과 : output/0707_검수결과.xlsx
[14:34:03] 로젠 : output/0707_로젠택배.xlsx
[14:34:03] 검수 완료
============================================================
