============================================================
[15:53:11] 검수 시작
============================================================
[15:58:27] 검수 시작
[15:58:28] 총 주문 : 6
[15:58:28] 입금완료 : 3
[15:58:28] 미입금 : 2
[15:58:28] 주문서없음 : 1
[15:58:28] 검수결과 : output/0706_검수결과.xlsx
[15:58:28] 로젠 : output/0706_로젠택배.xlsx
[15:58:28] 검수 완료
============================================================
============================================================
[15:58:51] 검수 시작
[15:58:51] 총 주문 : 6
[15:58:51] 입금완료 : 3
[15:58:51] 미입금 : 2
[15:58:51] 주문서없음 : 1
[15:58:51] 검수결과 : output/0706_검수결과.xlsx
[15:58:51] 로젠 : output/0706_로젠택배.xlsx
[15:58:51] 검수 완료
============================================================
============================================================
[16:15:05] 검수 시작
[16:15:06] 총 주문 : 6
[16:15:06] 입금완료 : 3
[16:15:06] 미입금 : 2
[16:15:06] 주문서없음 : 1
[16:15:06] 검수결과 : output/0706_검수결과.xlsx
[16:15:06] 로젠 : output/0706_로젠택배.xlsx
[16:15:06] 검수 완료
============================================================
============================================================
[16:36:53] 검수 시작
[16:36:54] 총 주문 : 7
[16:36:54] 입금완료 : 2
[16:36:54] 미입금 : 3
[16:36:54] 주문서없음 : 2
[16:36:54] 검수결과 : output/0706_검수결과.xlsx
[16:36:54] 로젠 : output/0706_로젠택배.xlsx
[16:36:54] 검수 완료
============================================================
============================================================
[17:43:45] 검수 시작
============================================================
[17:57:34] 검수 시작
============================================================
[18:20:46] 검수 시작
