============================================================
[15:20:28] 검수 시작
[15:20:28] 총 주문 : 7
[15:20:28] 입금완료 : 2
[15:20:28] 미입금 : 3
[15:20:28] 주문서없음 : 2
[15:20:28] 검수결과 : output/20260714_152028_검수결과.xlsx
[15:20:28] 로젠 : output/20260714_152028_로젠택배.xlsx
[15:20:28] 검수 완료
============================================================
============================================================
[15:22:21] 검수 시작
[15:22:21] 총 주문 : 7
[15:22:21] 입금완료 : 2
[15:22:21] 미입금 : 3
[15:22:21] 주문서없음 : 2
[15:22:21] 검수결과 : output/20260714_152221_검수결과.xlsx
[15:22:21] 로젠 : output/20260714_152221_로젠택배.xlsx
[15:22:21] 검수 완료
============================================================
============================================================
[15:22:29] 검수 시작
[15:22:30] 총 주문 : 7
[15:22:30] 입금완료 : 2
[15:22:30] 미입금 : 3
[15:22:30] 주문서없음 : 2
[15:22:30] 검수결과 : output/20260714_152229_검수결과.xlsx
[15:22:30] 로젠 : output/20260714_152229_로젠택배.xlsx
[15:22:30] 검수 완료
============================================================
============================================================
[15:24:05] 검수 시작
[15:24:06] 총 주문 : 7
[15:24:06] 입금완료 : 2
[15:24:06] 미입금 : 3
[15:24:06] 주문서없음 : 2
[15:24:06] 검수결과 : output/20260714_152405_검수결과.xlsx
[15:24:06] 로젠 : output/20260714_152405_로젠택배.xlsx
[15:24:06] 검수 완료
============================================================
============================================================
[15:28:21] 검수 시작
[15:28:21] 총 주문 : 7
[15:28:21] 입금완료 : 2
[15:28:21] 미입금 : 3
[15:28:21] 주문서없음 : 2
[15:28:21] 검수결과 : output/20260714_152821_검수결과.xlsx
[15:28:21] 로젠 : output/20260714_152821_로젠택배.xlsx
[15:28:21] 검수 완료
============================================================
============================================================
[15:33:52] 검수 시작
[15:33:52] 총 주문 : 7
[15:33:52] 입금완료 : 2
[15:33:52] 미입금 : 3
[15:33:52] 주문서없음 : 2
[15:33:52] 검수결과 : output/20260714_153352_검수결과.xlsx
[15:33:52] 로젠 : output/20260714_153352_로젠택배.xlsx
[15:33:52] 검수 완료
============================================================
============================================================
[15:34:15] 검수 시작
[15:34:15] 총 주문 : 13
[15:34:15] 입금완료 : 2
[15:34:15] 미입금 : 9
[15:34:15] 주문서없음 : 2
[15:34:15] 검수결과 : output/20260714_153415_검수결과.xlsx
[15:34:15] 로젠 : output/20260714_153415_로젠택배.xlsx
[15:34:15] 검수 완료
============================================================
============================================================
[15:37:28] 검수 시작
[15:37:28] 총 주문 : 13
[15:37:28] 입금완료 : 2
[15:37:28] 미입금 : 9
[15:37:28] 주문서없음 : 2
[15:37:28] 검수결과 : output/20260714_153728_검수결과.xlsx
[15:37:28] 로젠 : output/20260714_153728_로젠택배.xlsx
[15:37:28] 검수 완료
============================================================
============================================================
[15:42:27] 검수 시작
[15:42:27] 총 주문 : 13
[15:42:27] 입금완료 : 2
[15:42:27] 미입금 : 9
[15:42:27] 주문서없음 : 2
[15:42:27] 검수결과 : output/20260714_154227_검수결과.xlsx
[15:42:27] 로젠 : output/20260714_154227_로젠택배.xlsx
[15:42:27] 검수 완료
============================================================
============================================================
[15:42:50] 검수 시작
[15:42:50] 총 주문 : 13
[15:42:50] 입금완료 : 2
[15:42:50] 미입금 : 9
[15:42:50] 주문서없음 : 2
[15:42:50] 검수결과 : output/20260714_154250_검수결과.xlsx
[15:42:50] 로젠 : output/20260714_154250_로젠택배.xlsx
[15:42:50] 검수 완료
============================================================
============================================================
[15:43:26] 검수 시작
[15:43:26] 총 주문 : 13
[15:43:26] 입금완료 : 2
[15:43:26] 미입금 : 9
[15:43:26] 주문서없음 : 2
[15:43:26] 검수결과 : output/20260714_154326_검수결과.xlsx
[15:43:26] 로젠 : output/20260714_154326_로젠택배.xlsx
[15:43:26] 검수 완료
============================================================
============================================================
[15:50:48] 검수 시작
[15:50:48] 총 주문 : 13
[15:50:48] 입금완료 : 2
[15:50:48] 미입금 : 9
[15:50:48] 주문서없음 : 2
[15:50:48] 검수결과 : output/20260714_155048_검수결과.xlsx
[15:50:48] 로젠 : output/20260714_155048_로젠택배.xlsx
[15:50:48] 검수 완료
============================================================
============================================================
[15:51:16] 검수 시작
[15:51:16] 총 주문 : 13
[15:51:16] 입금완료 : 2
[15:51:16] 미입금 : 9
[15:51:16] 주문서없음 : 2
[15:51:16] 검수결과 : output/20260714_155116_검수결과.xlsx
[15:51:16] 로젠 : output/20260714_155116_로젠택배.xlsx
[15:51:16] 검수 완료
============================================================
============================================================
[15:55:54] 검수 시작
[15:55:54] 총 주문 : 11
[15:55:54] 입금완료 : 4
[15:55:54] 미입금 : 7
[15:55:54] 주문서없음 : 0
[15:55:54] 검수결과 : output/20260714_155554_검수결과.xlsx
[15:55:54] 로젠 : output/20260714_155554_로젠택배.xlsx
[15:55:54] 검수 완료
============================================================
============================================================
[15:58:21] 검수 시작
[15:58:21] 총 주문 : 11
[15:58:21] 입금완료 : 4
[15:58:21] 미입금 : 7
[15:58:21] 주문서없음 : 0
[15:58:21] 검수결과 : output/20260714_155821_검수결과.xlsx
[15:58:21] 로젠 : output/20260714_155821_로젠택배.xlsx
[15:58:21] 검수 완료
============================================================
============================================================
[16:01:36] 검수 시작
[16:01:36] 총 주문 : 11
[16:01:36] 입금완료 : 4
[16:01:36] 미입금 : 7
[16:01:36] 주문서없음 : 0
[16:01:36] 검수결과 : output/20260714_160136_검수결과.xlsx
[16:01:36] 로젠 : output/20260714_160136_로젠택배.xlsx
[16:01:36] 검수 완료
============================================================
============================================================
[16:02:05] 검수 시작
[16:02:05] 총 주문 : 11
[16:02:05] 입금완료 : 4
[16:02:05] 미입금 : 7
[16:02:05] 주문서없음 : 0
[16:02:05] 검수결과 : output/20260714_160205_검수결과.xlsx
[16:02:05] 로젠 : output/20260714_160205_로젠택배.xlsx
[16:02:05] 검수 완료
============================================================
============================================================
[16:07:29] 검수 시작
[16:07:29] 총 주문 : 11
[16:07:29] 입금완료 : 4
[16:07:29] 미입금 : 7
[16:07:29] 주문서없음 : 0
[16:07:29] 검수결과 : output/20260714_160729_검수결과.xlsx
[16:07:29] 로젠 : output/20260714_160729_로젠택배.xlsx
[16:07:29] 검수 완료
============================================================
============================================================
[16:07:53] 검수 시작
[16:07:54] 총 주문 : 11
[16:07:54] 입금완료 : 4
[16:07:54] 미입금 : 7
[16:07:54] 주문서없음 : 0
[16:07:54] 검수결과 : output/20260714_160753_검수결과.xlsx
[16:07:54] 로젠 : output/20260714_160753_로젠택배.xlsx
[16:07:54] 검수 완료
============================================================
============================================================
[16:10:33] 검수 시작
[16:10:33] 총 주문 : 11
[16:10:33] 입금완료 : 4
[16:10:33] 미입금 : 7
[16:10:33] 주문서없음 : 0
[16:10:33] 검수결과 : output/20260714_161033_검수결과.xlsx
[16:10:33] 로젠 : output/20260714_161033_로젠택배.xlsx
[16:10:33] 검수 완료
============================================================
============================================================
[16:13:51] 검수 시작
[16:13:51] 총 주문 : 11
[16:13:51] 입금완료 : 4
[16:13:51] 미입금 : 7
[16:13:51] 주문서없음 : 0
[16:13:51] 검수결과 : output/20260714_161351_검수결과.xlsx
[16:13:51] 로젠 : output/20260714_161351_로젠택배.xlsx
[16:13:51] 검수 완료
============================================================
============================================================
[16:17:15] 검수 시작
[16:17:16] 총 주문 : 11
[16:17:16] 입금완료 : 4
[16:17:16] 미입금 : 7
[16:17:16] 주문서없음 : 0
[16:17:16] 검수결과 : output/20260714_161715_검수결과.xlsx
[16:17:16] 로젠 : output/20260714_161715_로젠택배.xlsx
[16:17:16] 검수 완료
============================================================
============================================================
[16:18:53] 검수 시작
[16:18:54] 총 주문 : 11
[16:18:54] 입금완료 : 4
[16:18:54] 미입금 : 7
[16:18:54] 주문서없음 : 0
[16:18:54] 검수결과 : output/20260714_161853_검수결과.xlsx
[16:18:54] 로젠 : output/20260714_161853_로젠택배.xlsx
[16:18:54] 검수 완료
============================================================
============================================================
[16:20:21] 검수 시작
[16:20:21] 총 주문 : 11
[16:20:21] 입금완료 : 4
[16:20:21] 미입금 : 7
[16:20:21] 주문서없음 : 0
[16:20:21] 검수결과 : output/20260714_162021_검수결과.xlsx
[16:20:21] 로젠 : output/20260714_162021_로젠택배.xlsx
[16:20:21] 검수 완료
============================================================
============================================================
[16:20:30] 검수 시작
[16:20:30] 총 주문 : 11
[16:20:30] 입금완료 : 4
[16:20:30] 미입금 : 7
[16:20:30] 주문서없음 : 0
[16:20:30] 검수결과 : output/20260714_162030_검수결과.xlsx
[16:20:30] 로젠 : output/20260714_162030_로젠택배.xlsx
[16:20:30] 검수 완료
============================================================
============================================================
[16:26:38] 검수 시작
[16:26:38] 총 주문 : 11
[16:26:38] 입금완료 : 4
[16:26:38] 미입금 : 7
[16:26:38] 주문서없음 : 0
[16:26:38] 검수결과 : output/20260714_162638_검수결과.xlsx
[16:26:38] 로젠 : output/20260714_162638_로젠택배.xlsx
[16:26:38] 검수 완료
============================================================
============================================================
[16:30:00] 검수 시작
[16:30:00] 총 주문 : 11
[16:30:00] 입금완료 : 4
[16:30:00] 미입금 : 7
[16:30:00] 주문서없음 : 0
[16:30:00] 검수결과 : output/20260714_163000_검수결과.xlsx
[16:30:00] 로젠 : output/20260714_163000_로젠택배.xlsx
[16:30:00] 검수 완료
============================================================
============================================================
[16:38:32] 검수 시작
[16:38:32] 총 주문 : 11
[16:38:32] 입금완료 : 4
[16:38:32] 미입금 : 7
[16:38:32] 주문서없음 : 0
[16:38:32] 검수결과 : output/20260714_163832_검수결과.xlsx
[16:38:32] 로젠 : output/20260714_163832_로젠택배.xlsx
[16:38:32] 검수 완료
============================================================
============================================================
[16:40:25] 검수 시작
[16:40:25] 총 주문 : 11
[16:40:25] 입금완료 : 4
[16:40:25] 미입금 : 7
[16:40:25] 주문서없음 : 0
[16:40:25] 검수결과 : output/20260714_164025_검수결과.xlsx
[16:40:25] 로젠 : output/20260714_164025_로젠택배.xlsx
[16:40:25] 검수 완료
============================================================
============================================================
[16:40:51] 검수 시작
[16:40:51] 총 주문 : 11
[16:40:51] 입금완료 : 4
[16:40:51] 미입금 : 7
[16:40:51] 주문서없음 : 0
[16:40:51] 검수결과 : output/20260714_164051_검수결과.xlsx
[16:40:51] 로젠 : output/20260714_164051_로젠택배.xlsx
[16:40:51] 검수 완료
============================================================
============================================================
[16:45:24] 검수 시작
[16:45:25] 총 주문 : 11
[16:45:25] 입금완료 : 4
[16:45:25] 미입금 : 7
[16:45:25] 주문서없음 : 0
[16:45:25] 검수결과 : output/20260714_164524_검수결과.xlsx
[16:45:25] 로젠 : output/20260714_164524_로젠택배.xlsx
[16:45:25] 검수 완료
============================================================
============================================================
[16:45:52] 검수 시작
[16:45:52] 총 주문 : 11
[16:45:52] 입금완료 : 4
[16:45:52] 미입금 : 7
[16:45:52] 주문서없음 : 0
[16:45:52] 검수결과 : output/20260714_164552_검수결과.xlsx
[16:45:52] 로젠 : output/20260714_164552_로젠택배.xlsx
[16:45:52] 검수 완료
============================================================
============================================================
[16:47:45] 검수 시작
[16:47:45] 총 주문 : 11
[16:47:45] 입금완료 : 4
[16:47:45] 미입금 : 7
[16:47:45] 주문서없음 : 0
[16:47:45] 검수결과 : output/20260714_164745_검수결과.xlsx
[16:47:45] 로젠 : output/20260714_164745_로젠택배.xlsx
[16:47:45] 검수 완료
============================================================
============================================================
[16:56:35] 검수 시작
[16:56:35] 총 주문 : 11
[16:56:35] 입금완료 : 4
[16:56:35] 미입금 : 7
[16:56:35] 주문서없음 : 0
[16:56:35] 검수결과 : output/20260714_165635_검수결과.xlsx
[16:56:35] 로젠 : output/20260714_165635_로젠택배.xlsx
[16:56:35] 검수 완료
============================================================
============================================================
[16:59:13] 검수 시작
[16:59:13] 총 주문 : 11
[16:59:13] 입금완료 : 4
[16:59:13] 미입금 : 7
[16:59:13] 주문서없음 : 0
[16:59:13] 검수결과 : output/20260714_165913_검수결과.xlsx
[16:59:13] 로젠 : output/20260714_165913_로젠택배.xlsx
[16:59:13] 검수 완료
============================================================
============================================================
[16:59:30] 검수 시작
[16:59:31] 총 주문 : 11
[16:59:31] 입금완료 : 4
[16:59:31] 미입금 : 7
[16:59:31] 주문서없음 : 0
[16:59:31] 검수결과 : output/20260714_165930_검수결과.xlsx
[16:59:31] 로젠 : output/20260714_165930_로젠택배.xlsx
[16:59:31] 검수 완료
============================================================
============================================================
[17:00:27] 검수 시작
============================================================
[17:02:13] 검수 시작
[17:02:14] 총 주문 : 11
[17:02:14] 입금완료 : 4
[17:02:14] 미입금 : 7
[17:02:14] 주문서없음 : 0
[17:02:14] 검수결과 : output/20260714_170213_검수결과.xlsx
[17:02:14] 로젠 : output/20260714_170213_로젠택배.xlsx
[17:02:14] 검수 완료
============================================================
============================================================
[17:15:59] 검수 시작
[17:16:00] 총 주문 : 12
[17:16:00] 입금완료 : 3
[17:16:00] 미입금 : 8
[17:16:00] 주문서없음 : 1
[17:16:00] 검수결과 : output/20260714_171559_검수결과.xlsx
[17:16:00] 로젠 : output/20260714_171559_로젠택배.xlsx
[17:16:00] 검수 완료
============================================================
============================================================
[17:23:16] 검수 시작
[17:23:17] 총 주문 : 12
[17:23:17] 입금완료 : 3
[17:23:17] 미입금 : 8
[17:23:17] 주문서없음 : 1
[17:23:17] 검수결과 : output/20260714_172316_검수결과.xlsx
[17:23:17] 로젠 : output/20260714_172316_로젠택배.xlsx
[17:23:17] 검수 완료
============================================================
============================================================
[17:23:52] 검수 시작
[17:23:52] 총 주문 : 12
[17:23:52] 입금완료 : 3
[17:23:52] 미입금 : 8
[17:23:52] 주문서없음 : 1
[17:23:52] 검수결과 : output/20260714_172352_검수결과.xlsx
[17:23:52] 로젠 : output/20260714_172352_로젠택배.xlsx
[17:23:52] 검수 완료
============================================================
============================================================
[17:26:52] 검수 시작
[17:26:52] 총 주문 : 12
[17:26:52] 입금완료 : 3
[17:26:52] 미입금 : 8
[17:26:52] 주문서없음 : 1
[17:26:52] 검수결과 : output/20260714_172652_검수결과.xlsx
[17:26:52] 로젠 : output/20260714_172652_로젠택배.xlsx
[17:26:52] 검수 완료
============================================================
============================================================
[17:27:00] 검수 시작
[17:27:00] 총 주문 : 12
[17:27:00] 입금완료 : 3
[17:27:00] 미입금 : 8
[17:27:00] 주문서없음 : 1
[17:27:00] 검수결과 : output/20260714_172700_검수결과.xlsx
[17:27:00] 로젠 : output/20260714_172700_로젠택배.xlsx
[17:27:00] 검수 완료
============================================================
============================================================
[17:33:33] 검수 시작
[17:33:33] 총 주문 : 12
[17:33:33] 입금완료 : 3
[17:33:33] 미입금 : 8
[17:33:33] 주문서없음 : 1
[17:33:33] 검수결과 : output/20260714_173333_검수결과.xlsx
[17:33:33] 로젠 : output/20260714_173333_로젠택배.xlsx
[17:33:33] 검수 완료
============================================================
============================================================
[17:37:00] 검수 시작
[17:37:01] 총 주문 : 12
[17:37:01] 입금완료 : 3
[17:37:01] 미입금 : 8
[17:37:01] 주문서없음 : 1
[17:37:01] 검수결과 : output/20260714_173700_검수결과.xlsx
[17:37:01] 로젠 : output/20260714_173700_로젠택배.xlsx
[17:37:01] 검수 완료
============================================================
============================================================
[17:47:10] 검수 시작
[17:47:10] 총 주문 : 12
[17:47:10] 입금완료 : 3
[17:47:10] 미입금 : 8
[17:47:10] 주문서없음 : 1
[17:47:10] 검수결과 : output/20260714_174710_검수결과.xlsx
[17:47:10] 로젠 : output/20260714_174710_로젠택배.xlsx
[17:47:10] 검수 완료
============================================================
============================================================
[17:49:53] 검수 시작
[17:49:54] 총 주문 : 12
[17:49:54] 입금완료 : 3
[17:49:54] 미입금 : 8
[17:49:54] 주문서없음 : 1
[17:49:54] 검수결과 : output/20260714_174953_검수결과.xlsx
[17:49:54] 로젠 : output/20260714_174953_로젠택배.xlsx
[17:49:54] 검수 완료
============================================================
============================================================
[17:56:43] 검수 시작
[17:56:44] 총 주문 : 12
[17:56:44] 입금완료 : 3
[17:56:44] 미입금 : 8
[17:56:44] 주문서없음 : 1
[17:56:44] 검수결과 : output/20260714_175643_검수결과.xlsx
[17:56:44] 로젠 : output/20260714_175643_로젠택배.xlsx
[17:56:44] 검수 완료
============================================================
