============================================================
[14:40:33] 검수 시작
[14:40:33] 총 주문 : 7
[14:40:33] 입금완료 : 2
[14:40:33] 미입금 : 3
[14:40:33] 주문서없음 : 2
[14:40:33] 검수결과 : output/20260708_144033_검수결과.xlsx
[14:40:33] 로젠 : output/20260708_144033_로젠택배.xlsx
[14:40:33] 검수 완료
============================================================
============================================================
[15:12:26] 검수 시작
[15:12:26] 총 주문 : 7
[15:12:26] 입금완료 : 2
[15:12:26] 미입금 : 3
[15:12:26] 주문서없음 : 2
[15:12:26] 검수결과 : output/20260708_151226_검수결과.xlsx
[15:12:26] 로젠 : output/20260708_151226_로젠택배.xlsx
[15:12:26] 검수 완료
============================================================
============================================================
[15:13:14] 검수 시작
[15:13:14] 총 주문 : 7
[15:13:14] 입금완료 : 2
[15:13:14] 미입금 : 3
[15:13:14] 주문서없음 : 2
[15:13:14] 검수결과 : output/20260708_151314_검수결과.xlsx
[15:13:14] 로젠 : output/20260708_151314_로젠택배.xlsx
[15:13:14] 검수 완료
============================================================
============================================================
[16:36:13] 검수 시작
[16:36:13] 총 주문 : 7
[16:36:13] 입금완료 : 2
[16:36:13] 미입금 : 3
[16:36:13] 주문서없음 : 2
[16:36:13] 검수결과 : output/20260708_163613_검수결과.xlsx
[16:36:13] 로젠 : output/20260708_163613_로젠택배.xlsx
[16:36:13] 검수 완료
============================================================
============================================================
[16:57:31] 검수 시작
[16:57:31] 총 주문 : 7
[16:57:31] 입금완료 : 2
[16:57:31] 미입금 : 3
[16:57:31] 주문서없음 : 2
[16:57:31] 검수결과 : output/20260708_165731_검수결과.xlsx
[16:57:31] 로젠 : output/20260708_165731_로젠택배.xlsx
[16:57:31] 검수 완료
============================================================
============================================================
[17:02:56] 검수 시작
[17:02:56] 총 주문 : 7
[17:02:56] 입금완료 : 2
[17:02:56] 미입금 : 3
[17:02:56] 주문서없음 : 2
[17:02:56] 검수결과 : output/20260708_170256_검수결과.xlsx
[17:02:56] 로젠 : output/20260708_170256_로젠택배.xlsx
[17:02:56] 검수 완료
============================================================
============================================================
[17:11:50] 검수 시작
[17:11:51] 총 주문 : 7
[17:11:51] 입금완료 : 2
[17:11:51] 미입금 : 3
[17:11:51] 주문서없음 : 2
[17:11:51] 검수결과 : output/20260708_171150_검수결과.xlsx
[17:11:51] 로젠 : output/20260708_171150_로젠택배.xlsx
[17:11:51] 검수 완료
============================================================
============================================================
[17:19:27] 검수 시작
[17:19:28] 총 주문 : 7
[17:19:28] 입금완료 : 2
[17:19:28] 미입금 : 3
[17:19:28] 주문서없음 : 2
[17:19:28] 검수결과 : output/20260708_171927_검수결과.xlsx
[17:19:28] 로젠 : output/20260708_171927_로젠택배.xlsx
[17:19:28] 검수 완료
============================================================
