============================================================
[11:57:31] 검수 시작
[11:57:31] 총 주문 : 12
[11:57:31] 입금완료 : 3
[11:57:31] 미입금 : 8
[11:57:31] 주문서없음 : 1
[11:57:31] 검수결과 : output/20260716_115731_검수결과.xlsx
[11:57:31] 로젠 : output/20260716_115731_로젠택배.xlsx
[11:57:31] 검수 완료
============================================================
============================================================
[12:33:39] 검수 시작
============================================================
[12:34:32] 검수 시작
[12:34:32] 총 주문 : 12
[12:34:32] 입금완료 : 4
[12:34:32] 미입금 : 7
[12:34:32] 주문서없음 : 1
[12:34:32] 검수결과 : output/20260716_123432_검수결과.xlsx
[12:34:32] 로젠 : output/20260716_123432_로젠택배.xlsx
[12:34:32] 검수 완료
============================================================
============================================================
[13:36:40] 검수 시작
[13:36:41] 총 주문 : 12
[13:36:41] 입금완료 : 4
[13:36:41] 미입금 : 7
[13:36:41] 주문서없음 : 1
[13:36:41] 검수결과 : output/20260716_133640_검수결과.xlsx
[13:36:41] 로젠 : output/20260716_133640_로젠택배.xlsx
[13:36:41] 검수 완료
============================================================
============================================================
[13:41:24] 검수 시작
[13:41:24] 총 주문 : 12
[13:41:24] 입금완료 : 4
[13:41:24] 미입금 : 7
[13:41:24] 주문서없음 : 1
[13:41:24] 검수결과 : output/20260716_134124_검수결과.xlsx
[13:41:24] 로젠 : output/20260716_134124_로젠택배.xlsx
[13:41:24] 검수 완료
============================================================
============================================================
[13:43:41] 검수 시작
[13:43:41] 총 주문 : 12
[13:43:41] 입금완료 : 4
[13:43:41] 미입금 : 7
[13:43:41] 주문서없음 : 1
[13:43:41] 검수결과 : output/20260716_134341_검수결과.xlsx
[13:43:41] 로젠 : output/20260716_134341_로젠택배.xlsx
[13:43:41] 검수 완료
============================================================
============================================================
[13:46:06] 검수 시작
[13:46:07] 총 주문 : 12
[13:46:07] 입금완료 : 4
[13:46:07] 미입금 : 7
[13:46:07] 주문서없음 : 1
[13:46:07] 검수결과 : output/20260716_134606_검수결과.xlsx
[13:46:07] 로젠 : output/20260716_134606_로젠택배.xlsx
[13:46:07] 검수 완료
============================================================
============================================================
[13:49:33] 검수 시작
[13:49:33] 총 주문 : 12
[13:49:33] 입금완료 : 4
[13:49:33] 미입금 : 7
[13:49:33] 주문서없음 : 1
[13:49:33] 검수결과 : output/20260716_134933_검수결과.xlsx
[13:49:33] 로젠 : output/20260716_134933_로젠택배.xlsx
[13:49:33] 검수 완료
============================================================
============================================================
[13:53:04] 검수 시작
[13:53:04] 총 주문 : 12
[13:53:04] 입금완료 : 4
[13:53:04] 미입금 : 7
[13:53:04] 주문서없음 : 1
[13:53:04] 검수결과 : output/20260716_135304_검수결과.xlsx
[13:53:04] 로젠 : output/20260716_135304_로젠택배.xlsx
[13:53:04] 검수 완료
============================================================
============================================================
[13:54:42] 검수 시작
[13:54:42] 총 주문 : 13
[13:54:42] 입금완료 : 4
[13:54:42] 미입금 : 8
[13:54:42] 주문서없음 : 1
[13:54:42] 검수결과 : output/20260716_135442_검수결과.xlsx
[13:54:42] 로젠 : output/20260716_135442_로젠택배.xlsx
[13:54:42] 검수 완료
============================================================
============================================================
[14:02:03] 검수 시작
[14:02:03] 총 주문 : 9
[14:02:03] 입금완료 : 4
[14:02:03] 미입금 : 4
[14:02:03] 주문서없음 : 1
[14:02:03] 검수결과 : output/20260716_140203_검수결과.xlsx
[14:02:03] 로젠 : output/20260716_140203_로젠택배.xlsx
[14:02:03] 검수 완료
============================================================
============================================================
[14:15:27] 검수 시작
[14:15:27] 총 주문 : 13
[14:15:27] 입금완료 : 4
[14:15:27] 미입금 : 8
[14:15:27] 주문서없음 : 1
[14:15:27] 검수결과 : output/20260716_141527_검수결과.xlsx
[14:15:27] 로젠 : output/20260716_141527_로젠택배.xlsx
[14:15:27] 검수 완료
============================================================
============================================================
[14:18:58] 검수 시작
[14:18:59] 총 주문 : 9
[14:18:59] 입금완료 : 4
[14:18:59] 미입금 : 4
[14:18:59] 주문서없음 : 1
[14:18:59] 검수결과 : output/20260716_141858_검수결과.xlsx
[14:18:59] 로젠 : output/20260716_141858_로젠택배.xlsx
[14:18:59] 검수 완료
============================================================
============================================================
[14:20:45] 검수 시작
[14:20:45] 총 주문 : 9
[14:20:45] 입금완료 : 4
[14:20:45] 미입금 : 4
[14:20:45] 주문서없음 : 1
[14:20:45] 검수결과 : output/20260716_142045_검수결과.xlsx
[14:20:45] 로젠 : output/20260716_142045_로젠택배.xlsx
[14:20:45] 검수 완료
============================================================
============================================================
[14:37:10] 검수 시작
[14:37:10] 총 주문 : 13
[14:37:10] 입금완료 : 4
[14:37:10] 미입금 : 8
[14:37:10] 주문서없음 : 1
[14:37:10] 검수결과 : output/20260716_143710_검수결과.xlsx
[14:37:10] 로젠 : output/20260716_143710_로젠택배.xlsx
[14:37:10] 검수 완료
============================================================
============================================================
[14:37:20] 검수 시작
[14:37:21] 총 주문 : 13
[14:37:21] 입금완료 : 4
[14:37:21] 미입금 : 8
[14:37:21] 주문서없음 : 1
[14:37:21] 검수결과 : output/20260716_143720_검수결과.xlsx
[14:37:21] 로젠 : output/20260716_143720_로젠택배.xlsx
[14:37:21] 검수 완료
============================================================
============================================================
[14:38:34] 검수 시작
[14:38:35] 총 주문 : 9
[14:38:35] 입금완료 : 4
[14:38:35] 미입금 : 4
[14:38:35] 주문서없음 : 1
[14:38:35] 검수결과 : output/20260716_143834_검수결과.xlsx
[14:38:35] 로젠 : output/20260716_143834_로젠택배.xlsx
[14:38:35] 검수 완료
============================================================
============================================================
[14:42:00] 검수 시작
[14:42:00] 총 주문 : 9
[14:42:00] 입금완료 : 4
[14:42:00] 미입금 : 4
[14:42:00] 주문서없음 : 1
[14:42:00] 검수결과 : output/20260716_144200_검수결과.xlsx
[14:42:00] 로젠 : output/20260716_144200_로젠택배.xlsx
[14:42:00] 검수 완료
============================================================
============================================================
[14:44:59] 검수 시작
[14:44:59] 총 주문 : 13
[14:44:59] 입금완료 : 4
[14:44:59] 미입금 : 8
[14:44:59] 주문서없음 : 1
[14:44:59] 검수결과 : output/20260716_144459_검수결과.xlsx
[14:44:59] 로젠 : output/20260716_144459_로젠택배.xlsx
[14:44:59] 검수 완료
============================================================
