============================================================
[10:42:57] 검수 시작
[10:42:57] 총 주문 : 12
[10:42:57] 입금완료 : 3
[10:42:57] 미입금 : 8
[10:42:57] 주문서없음 : 1
[10:42:57] 검수결과 : output/20260715_104257_검수결과.xlsx
[10:42:57] 로젠 : output/20260715_104257_로젠택배.xlsx
[10:42:57] 검수 완료
============================================================
============================================================
[10:51:01] 검수 시작
[10:51:01] 총 주문 : 12
[10:51:01] 입금완료 : 3
[10:51:01] 미입금 : 8
[10:51:01] 주문서없음 : 1
[10:51:01] 검수결과 : output/20260715_105101_검수결과.xlsx
[10:51:01] 로젠 : output/20260715_105101_로젠택배.xlsx
[10:51:01] 검수 완료
============================================================
============================================================
[10:52:56] 검수 시작
[10:52:57] 총 주문 : 12
[10:52:57] 입금완료 : 3
[10:52:57] 미입금 : 8
[10:52:57] 주문서없음 : 1
[10:52:57] 검수결과 : output/20260715_105256_검수결과.xlsx
[10:52:57] 로젠 : output/20260715_105256_로젠택배.xlsx
[10:52:57] 검수 완료
============================================================
============================================================
[11:00:28] 검수 시작
[11:00:28] 총 주문 : 12
[11:00:28] 입금완료 : 3
[11:00:28] 미입금 : 8
[11:00:28] 주문서없음 : 1
[11:00:28] 검수결과 : output/20260715_110028_검수결과.xlsx
[11:00:28] 로젠 : output/20260715_110028_로젠택배.xlsx
[11:00:28] 검수 완료
============================================================
============================================================
[11:05:11] 검수 시작
[11:05:11] 총 주문 : 12
[11:05:11] 입금완료 : 3
[11:05:11] 미입금 : 8
[11:05:11] 주문서없음 : 1
[11:05:11] 검수결과 : output/20260715_110511_검수결과.xlsx
[11:05:11] 로젠 : output/20260715_110511_로젠택배.xlsx
[11:05:11] 검수 완료
============================================================
============================================================
[11:12:29] 검수 시작
[11:12:29] 총 주문 : 12
[11:12:29] 입금완료 : 3
[11:12:29] 미입금 : 8
[11:12:29] 주문서없음 : 1
[11:12:29] 검수결과 : output/20260715_111229_검수결과.xlsx
[11:12:29] 로젠 : output/20260715_111229_로젠택배.xlsx
[11:12:29] 검수 완료
============================================================
============================================================
[11:15:39] 검수 시작
[11:15:39] 총 주문 : 12
[11:15:39] 입금완료 : 3
[11:15:39] 미입금 : 8
[11:15:39] 주문서없음 : 1
[11:15:39] 검수결과 : output/20260715_111539_검수결과.xlsx
[11:15:39] 로젠 : output/20260715_111539_로젠택배.xlsx
[11:15:39] 검수 완료
============================================================
============================================================
[11:16:11] 검수 시작
[11:16:12] 총 주문 : 12
[11:16:12] 입금완료 : 3
[11:16:12] 미입금 : 8
[11:16:12] 주문서없음 : 1
[11:16:12] 검수결과 : output/20260715_111611_검수결과.xlsx
[11:16:12] 로젠 : output/20260715_111611_로젠택배.xlsx
[11:16:12] 검수 완료
============================================================
============================================================
[11:21:03] 검수 시작
[11:21:04] 총 주문 : 12
[11:21:04] 입금완료 : 3
[11:21:04] 미입금 : 8
[11:21:04] 주문서없음 : 1
[11:21:04] 검수결과 : output/20260715_112103_검수결과.xlsx
[11:21:04] 로젠 : output/20260715_112103_로젠택배.xlsx
[11:21:04] 검수 완료
============================================================
============================================================
[11:35:27] 검수 시작
[11:35:27] 총 주문 : 12
[11:35:27] 입금완료 : 3
[11:35:27] 미입금 : 8
[11:35:27] 주문서없음 : 1
[11:35:27] 검수결과 : output/20260715_113527_검수결과.xlsx
[11:35:27] 로젠 : output/20260715_113527_로젠택배.xlsx
[11:35:27] 검수 완료
============================================================
============================================================
[11:38:53] 검수 시작
[11:38:53] 총 주문 : 12
[11:38:53] 입금완료 : 3
[11:38:53] 미입금 : 8
[11:38:53] 주문서없음 : 1
[11:38:53] 검수결과 : output/20260715_113853_검수결과.xlsx
[11:38:53] 로젠 : output/20260715_113853_로젠택배.xlsx
[11:38:53] 검수 완료
============================================================
============================================================
[11:39:23] 검수 시작
[11:39:23] 총 주문 : 12
[11:39:23] 입금완료 : 3
[11:39:23] 미입금 : 8
[11:39:23] 주문서없음 : 1
[11:39:23] 검수결과 : output/20260715_113923_검수결과.xlsx
[11:39:23] 로젠 : output/20260715_113923_로젠택배.xlsx
[11:39:23] 검수 완료
============================================================
============================================================
[11:47:58] 검수 시작
[11:47:59] 총 주문 : 12
[11:47:59] 입금완료 : 3
[11:47:59] 미입금 : 8
[11:47:59] 주문서없음 : 1
[11:47:59] 검수결과 : output/20260715_114758_검수결과.xlsx
[11:47:59] 로젠 : output/20260715_114758_로젠택배.xlsx
[11:47:59] 검수 완료
============================================================
============================================================
[11:57:45] 검수 시작
[11:57:45] 총 주문 : 12
[11:57:45] 입금완료 : 3
[11:57:45] 미입금 : 8
[11:57:45] 주문서없음 : 1
[11:57:45] 검수결과 : output/20260715_115745_검수결과.xlsx
[11:57:45] 로젠 : output/20260715_115745_로젠택배.xlsx
[11:57:45] 검수 완료
============================================================
============================================================
[12:20:26] 검수 시작
[12:20:26] 총 주문 : 12
[12:20:26] 입금완료 : 3
[12:20:26] 미입금 : 8
[12:20:26] 주문서없음 : 1
[12:20:26] 검수결과 : output/20260715_122026_검수결과.xlsx
[12:20:26] 로젠 : output/20260715_122026_로젠택배.xlsx
[12:20:26] 검수 완료
============================================================
============================================================
[12:24:40] 검수 시작
[12:24:41] 총 주문 : 12
[12:24:41] 입금완료 : 3
[12:24:41] 미입금 : 8
[12:24:41] 주문서없음 : 1
[12:24:41] 검수결과 : output/20260715_122440_검수결과.xlsx
[12:24:41] 로젠 : output/20260715_122440_로젠택배.xlsx
[12:24:41] 검수 완료
============================================================
============================================================
[12:31:44] 검수 시작
[12:31:44] 총 주문 : 12
[12:31:44] 입금완료 : 3
[12:31:44] 미입금 : 8
[12:31:44] 주문서없음 : 1
[12:31:44] 검수결과 : output/20260715_123144_검수결과.xlsx
[12:31:44] 로젠 : output/20260715_123144_로젠택배.xlsx
[12:31:44] 검수 완료
============================================================
============================================================
[12:48:24] 검수 시작
[12:48:25] 총 주문 : 12
[12:48:25] 입금완료 : 3
[12:48:25] 미입금 : 8
[12:48:25] 주문서없음 : 1
[12:48:25] 검수결과 : output/20260715_124824_검수결과.xlsx
[12:48:25] 로젠 : output/20260715_124824_로젠택배.xlsx
[12:48:25] 검수 완료
============================================================
============================================================
[12:54:50] 검수 시작
[12:54:50] 총 주문 : 12
[12:54:50] 입금완료 : 3
[12:54:50] 미입금 : 8
[12:54:50] 주문서없음 : 1
[12:54:50] 검수결과 : output/20260715_125450_검수결과.xlsx
[12:54:50] 로젠 : output/20260715_125450_로젠택배.xlsx
[12:54:50] 검수 완료
============================================================
============================================================
[13:31:04] 검수 시작
[13:31:04] 총 주문 : 12
[13:31:04] 입금완료 : 3
[13:31:04] 미입금 : 8
[13:31:04] 주문서없음 : 1
[13:31:04] 검수결과 : output/20260715_133104_검수결과.xlsx
[13:31:04] 로젠 : output/20260715_133104_로젠택배.xlsx
[13:31:04] 검수 완료
============================================================
============================================================
[13:54:52] 검수 시작
[13:54:52] 총 주문 : 12
[13:54:52] 입금완료 : 3
[13:54:52] 미입금 : 8
[13:54:52] 주문서없음 : 1
[13:54:52] 검수결과 : output/20260715_135452_검수결과.xlsx
[13:54:52] 로젠 : output/20260715_135452_로젠택배.xlsx
[13:54:52] 검수 완료
============================================================
============================================================
[13:58:41] 검수 시작
[13:58:41] 총 주문 : 12
[13:58:41] 입금완료 : 3
[13:58:41] 미입금 : 8
[13:58:41] 주문서없음 : 1
[13:58:41] 검수결과 : output/20260715_135841_검수결과.xlsx
[13:58:41] 로젠 : output/20260715_135841_로젠택배.xlsx
[13:58:41] 검수 완료
============================================================
============================================================
[14:03:00] 검수 시작
[14:03:00] 총 주문 : 12
[14:03:00] 입금완료 : 3
[14:03:00] 미입금 : 8
[14:03:00] 주문서없음 : 1
[14:03:00] 검수결과 : output/20260715_140300_검수결과.xlsx
[14:03:00] 로젠 : output/20260715_140300_로젠택배.xlsx
[14:03:00] 검수 완료
============================================================
============================================================
[14:15:43] 검수 시작
[14:15:44] 총 주문 : 12
[14:15:44] 입금완료 : 3
[14:15:44] 미입금 : 8
[14:15:44] 주문서없음 : 1
[14:15:44] 검수결과 : output/20260715_141543_검수결과.xlsx
[14:15:44] 로젠 : output/20260715_141543_로젠택배.xlsx
[14:15:44] 검수 완료
============================================================
============================================================
[14:22:14] 검수 시작
[14:22:14] 총 주문 : 12
[14:22:14] 입금완료 : 3
[14:22:14] 미입금 : 8
[14:22:14] 주문서없음 : 1
[14:22:14] 검수결과 : output/20260715_142214_검수결과.xlsx
[14:22:14] 로젠 : output/20260715_142214_로젠택배.xlsx
[14:22:14] 검수 완료
============================================================
============================================================
[14:43:20] 검수 시작
[14:43:21] 총 주문 : 12
[14:43:21] 입금완료 : 3
[14:43:21] 미입금 : 8
[14:43:21] 주문서없음 : 1
[14:43:21] 검수결과 : output/20260715_144320_검수결과.xlsx
[14:43:21] 로젠 : output/20260715_144320_로젠택배.xlsx
[14:43:21] 검수 완료
============================================================
============================================================
[14:43:56] 검수 시작
[14:43:56] 총 주문 : 12
[14:43:56] 입금완료 : 3
[14:43:56] 미입금 : 8
[14:43:56] 주문서없음 : 1
[14:43:56] 검수결과 : output/20260715_144356_검수결과.xlsx
[14:43:56] 로젠 : output/20260715_144356_로젠택배.xlsx
[14:43:56] 검수 완료
============================================================
============================================================
[14:51:59] 검수 시작
[14:51:59] 총 주문 : 12
[14:51:59] 입금완료 : 3
[14:51:59] 미입금 : 8
[14:51:59] 주문서없음 : 1
[14:51:59] 검수결과 : output/20260715_145159_검수결과.xlsx
[14:51:59] 로젠 : output/20260715_145159_로젠택배.xlsx
[14:51:59] 검수 완료
============================================================
============================================================
[14:52:02] 검수 시작
[14:52:02] 총 주문 : 12
[14:52:02] 입금완료 : 3
[14:52:02] 미입금 : 8
[14:52:02] 주문서없음 : 1
[14:52:02] 검수결과 : output/20260715_145202_검수결과.xlsx
[14:52:02] 로젠 : output/20260715_145202_로젠택배.xlsx
[14:52:02] 검수 완료
============================================================
============================================================
[14:54:18] 검수 시작
[14:54:18] 총 주문 : 12
[14:54:18] 입금완료 : 3
[14:54:18] 미입금 : 8
[14:54:18] 주문서없음 : 1
[14:54:18] 검수결과 : output/20260715_145418_검수결과.xlsx
[14:54:18] 로젠 : output/20260715_145418_로젠택배.xlsx
[14:54:18] 검수 완료
============================================================
============================================================
[14:57:01] 검수 시작
[14:57:01] 총 주문 : 12
[14:57:01] 입금완료 : 3
[14:57:01] 미입금 : 8
[14:57:01] 주문서없음 : 1
[14:57:01] 검수결과 : output/20260715_145701_검수결과.xlsx
[14:57:01] 로젠 : output/20260715_145701_로젠택배.xlsx
[14:57:01] 검수 완료
============================================================
============================================================
[14:57:05] 검수 시작
[14:57:05] 총 주문 : 12
[14:57:05] 입금완료 : 3
[14:57:05] 미입금 : 8
[14:57:05] 주문서없음 : 1
[14:57:05] 검수결과 : output/20260715_145705_검수결과.xlsx
[14:57:05] 로젠 : output/20260715_145705_로젠택배.xlsx
[14:57:05] 검수 완료
============================================================
============================================================
[14:57:34] 검수 시작
[14:57:34] 총 주문 : 12
[14:57:34] 입금완료 : 3
[14:57:34] 미입금 : 8
[14:57:34] 주문서없음 : 1
[14:57:34] 검수결과 : output/20260715_145734_검수결과.xlsx
[14:57:34] 로젠 : output/20260715_145734_로젠택배.xlsx
[14:57:34] 검수 완료
============================================================
============================================================
[14:58:23] 검수 시작
[14:58:23] 총 주문 : 12
[14:58:23] 입금완료 : 3
[14:58:23] 미입금 : 8
[14:58:23] 주문서없음 : 1
[14:58:23] 검수결과 : output/20260715_145823_검수결과.xlsx
[14:58:23] 로젠 : output/20260715_145823_로젠택배.xlsx
[14:58:23] 검수 완료
============================================================
============================================================
[15:03:55] 검수 시작
[15:03:55] 총 주문 : 12
[15:03:55] 입금완료 : 3
[15:03:55] 미입금 : 8
[15:03:55] 주문서없음 : 1
[15:03:55] 검수결과 : output/20260715_150355_검수결과.xlsx
[15:03:55] 로젠 : output/20260715_150355_로젠택배.xlsx
[15:03:55] 검수 완료
============================================================
============================================================
[15:04:00] 검수 시작
[15:04:00] 총 주문 : 12
[15:04:00] 입금완료 : 3
[15:04:00] 미입금 : 8
[15:04:00] 주문서없음 : 1
[15:04:00] 검수결과 : output/20260715_150400_검수결과.xlsx
[15:04:00] 로젠 : output/20260715_150400_로젠택배.xlsx
[15:04:00] 검수 완료
============================================================
============================================================
[15:06:30] 검수 시작
[15:06:30] 총 주문 : 12
[15:06:30] 입금완료 : 3
[15:06:30] 미입금 : 8
[15:06:30] 주문서없음 : 1
[15:06:30] 검수결과 : output/20260715_150630_검수결과.xlsx
[15:06:30] 로젠 : output/20260715_150630_로젠택배.xlsx
[15:06:30] 검수 완료
============================================================
============================================================
[15:12:05] 검수 시작
[15:12:05] 총 주문 : 12
[15:12:05] 입금완료 : 3
[15:12:05] 미입금 : 8
[15:12:05] 주문서없음 : 1
[15:12:05] 검수결과 : output/20260715_151205_검수결과.xlsx
[15:12:05] 로젠 : output/20260715_151205_로젠택배.xlsx
[15:12:05] 검수 완료
============================================================
============================================================
[15:13:22] 검수 시작
[15:13:22] 총 주문 : 12
[15:13:22] 입금완료 : 3
[15:13:22] 미입금 : 8
[15:13:22] 주문서없음 : 1
[15:13:22] 검수결과 : output/20260715_151322_검수결과.xlsx
[15:13:22] 로젠 : output/20260715_151322_로젠택배.xlsx
[15:13:22] 검수 완료
============================================================
============================================================
[15:16:06] 검수 시작
[15:16:06] 총 주문 : 12
[15:16:06] 입금완료 : 3
[15:16:06] 미입금 : 8
[15:16:06] 주문서없음 : 1
[15:16:06] 검수결과 : output/20260715_151606_검수결과.xlsx
[15:16:06] 로젠 : output/20260715_151606_로젠택배.xlsx
[15:16:06] 검수 완료
============================================================
============================================================
[15:19:57] 검수 시작
[15:19:57] 총 주문 : 12
[15:19:57] 입금완료 : 3
[15:19:57] 미입금 : 8
[15:19:57] 주문서없음 : 1
[15:19:57] 검수결과 : output/20260715_151957_검수결과.xlsx
[15:19:57] 로젠 : output/20260715_151957_로젠택배.xlsx
[15:19:57] 검수 완료
============================================================
============================================================
[15:20:45] 검수 시작
[15:20:45] 총 주문 : 12
[15:20:45] 입금완료 : 3
[15:20:45] 미입금 : 8
[15:20:45] 주문서없음 : 1
[15:20:45] 검수결과 : output/20260715_152045_검수결과.xlsx
[15:20:45] 로젠 : output/20260715_152045_로젠택배.xlsx
[15:20:45] 검수 완료
============================================================
============================================================
[15:21:18] 검수 시작
[15:21:19] 총 주문 : 12
[15:21:19] 입금완료 : 3
[15:21:19] 미입금 : 8
[15:21:19] 주문서없음 : 1
[15:21:19] 검수결과 : output/20260715_152118_검수결과.xlsx
[15:21:19] 로젠 : output/20260715_152118_로젠택배.xlsx
[15:21:19] 검수 완료
============================================================
============================================================
[15:25:20] 검수 시작
[15:25:20] 총 주문 : 12
[15:25:20] 입금완료 : 3
[15:25:20] 미입금 : 8
[15:25:20] 주문서없음 : 1
[15:25:20] 검수결과 : output/20260715_152520_검수결과.xlsx
[15:25:20] 로젠 : output/20260715_152520_로젠택배.xlsx
[15:25:20] 검수 완료
============================================================
============================================================
[15:30:50] 검수 시작
[15:30:50] 총 주문 : 12
[15:30:50] 입금완료 : 3
[15:30:50] 미입금 : 8
[15:30:50] 주문서없음 : 1
[15:30:50] 검수결과 : output/20260715_153050_검수결과.xlsx
[15:30:50] 로젠 : output/20260715_153050_로젠택배.xlsx
[15:30:50] 검수 완료
============================================================
============================================================
[15:37:58] 검수 시작
[15:37:58] 총 주문 : 12
[15:37:58] 입금완료 : 3
[15:37:58] 미입금 : 8
[15:37:58] 주문서없음 : 1
[15:37:58] 검수결과 : output/20260715_153758_검수결과.xlsx
[15:37:58] 로젠 : output/20260715_153758_로젠택배.xlsx
[15:37:58] 검수 완료
============================================================
============================================================
[15:42:19] 검수 시작
[15:42:19] 총 주문 : 12
[15:42:19] 입금완료 : 3
[15:42:19] 미입금 : 8
[15:42:19] 주문서없음 : 1
[15:42:19] 검수결과 : output/20260715_154219_검수결과.xlsx
[15:42:19] 로젠 : output/20260715_154219_로젠택배.xlsx
[15:42:19] 검수 완료
============================================================
============================================================
[15:42:23] 검수 시작
[15:42:23] 총 주문 : 12
[15:42:23] 입금완료 : 3
[15:42:23] 미입금 : 8
[15:42:23] 주문서없음 : 1
[15:42:23] 검수결과 : output/20260715_154223_검수결과.xlsx
[15:42:23] 로젠 : output/20260715_154223_로젠택배.xlsx
[15:42:23] 검수 완료
============================================================
============================================================
[15:45:27] 검수 시작
[15:45:28] 총 주문 : 12
[15:45:28] 입금완료 : 3
[15:45:28] 미입금 : 8
[15:45:28] 주문서없음 : 1
[15:45:28] 검수결과 : output/20260715_154527_검수결과.xlsx
[15:45:28] 로젠 : output/20260715_154527_로젠택배.xlsx
[15:45:28] 검수 완료
============================================================
