============================================================
[11:57:31] 검수 시작
[11:57:31] 총 주문 : 12
[11:57:31] 입금완료 : 3
[11:57:31] 미입금 : 8
[11:57:31] 주문서없음 : 1
[11:57:31] 검수결과 : output/20260716_115731_검수결과.xlsx
[11:57:31] 로젠 : output/20260716_115731_로젠택배.xlsx
[11:57:31] 검수 완료
============================================================
============================================================
[12:33:39] 검수 시작
============================================================
[12:34:32] 검수 시작
[12:34:32] 총 주문 : 12
[12:34:32] 입금완료 : 4
[12:34:32] 미입금 : 7
[12:34:32] 주문서없음 : 1
[12:34:32] 검수결과 : output/20260716_123432_검수결과.xlsx
[12:34:32] 로젠 : output/20260716_123432_로젠택배.xlsx
[12:34:32] 검수 완료
============================================================
